<?xml version="1.0" encoding="UTF-8"?>
<testsuite name="com.example.DemoTest" tests="1" skipped="0" failures="0" errors="0" timestamp="2025-04-03T13:48:19" hostname="adinstt-Latitude-7480" time="0.031">
  <properties/>
  <testcase name="testItWorks()" classname="com.example.DemoTest" time="0.031"/>
  <system-out><![CDATA[?[36m19:18:18.524?[0;39m ?[1;30m[Test worker]?[0;39m ?[34mINFO ?[0;39m ?[35mi.m.c.DefaultApplicationContext$RuntimeConfiguredEnvironment?[0;39m - Established active environments: [test]
]]></system-out>
  <system-err><![CDATA[]]></system-err>
</testsuite>
